R1#sh run
Building configuration...

Current configuration : 1881 bytes
!
version 15.4
service timestamps debug datetime msec
service timestamps log datetime msec
no service password-encryption
!
hostname R1
!
boot-start-marker
boot-end-marker
!
aqm-register-fnf
!
!
no aaa new-model
clock timezone EET 2 0
mmi polling-interval 60
no mmi auto-configure
no mmi pvc
mmi snmp-timeout 180
!
!         
!
!
!
!
!
!


!
!
!
!
ip cef
no ipv6 cef
!
multilink bundle-name authenticated
!
!
!
!
!
!
!         
!
!
redundancy
!
!
! 
crypto keyring ckey  
  pre-shared-key address 0.0.0.0 0.0.0.0 key 123456
!
!
!
!
crypto isakmp policy 10
 encr 3des
 authentication pre-share
 group 2
crypto isakmp profile cpro
   keyring ckey
   match identity address 0.0.0.0 
!
!
crypto ipsec transform-set ts esp-3des esp-sha-hmac 
 mode tunnel
!
!
crypto ipsec profile ipsec_pro
 set transform-set ts 
!
!
!
!
!
!
interface Tunnel1
 ip address 1.1.1.1 255.255.255.0
 no ip redirects
 no ip split-horizon eigrp 1
 ip nhrp authentication 123456
 ip nhrp map multicast dynamic
 ip nhrp network-id 1
 ip nhrp redirect
 ip summary-address eigrp 1 192.168.0.0 255.255.0.0
 tunnel source Ethernet0/0
 tunnel mode gre multipoint
 tunnel protection ipsec profile ipsec_pro
!         
interface Ethernet0/0
 ip address 10.10.13.1 255.255.255.0
 ip nat outside
 ip virtual-reassembly in
!
interface Ethernet0/1
 ip address 192.168.12.1 255.255.255.0
 ip nat inside
 ip virtual-reassembly in
!
interface Ethernet0/2
 no ip address
 shutdown
!
interface Ethernet0/3
 no ip address
 shutdown
!
!
router eigrp 1
 network 1.1.1.0 0.0.0.255
 network 192.168.12.0
!         
ip forward-protocol nd
!
!
no ip http server
no ip http secure-server
ip nat inside source list natacl interface Ethernet0/0 overload
ip route 0.0.0.0 0.0.0.0 10.10.13.3
!
ip access-list extended natacl
 permit ip any any
!
!
!
!
control-plane
!
!
!
!
!
!
!
!         
line con 0
 logging synchronous
line aux 0
line vty 0 4
 login
 transport input none
!
!
end

