R2#sh run
Building configuration...

Current configuration : 911 bytes
!
version 15.4
service timestamps debug datetime msec
service timestamps log datetime msec
no service password-encryption
!
hostname R2
!
boot-start-marker
boot-end-marker
!
aqm-register-fnf
!
!
no aaa new-model
clock timezone EET 2 0
mmi polling-interval 60
no mmi auto-configure
no mmi pvc
mmi snmp-timeout 180
!
!         
!
!
!
!
!
!


!
!
!
!
ip cef
no ipv6 cef
!
multilink bundle-name authenticated
!
!
!
!
!
!
!         
!
!
redundancy
!
!
! 
!
!
!
!
!
!
!
!
!
!
!
!
interface Ethernet0/0
 ip address 192.168.12.2 255.255.255.0
!
interface Ethernet0/1
 no ip address
 shutdown
!
interface Ethernet0/2
 no ip address
 shutdown
!
interface Ethernet0/3
 no ip address
 shutdown
!
ip forward-protocol nd
!
!
no ip http server
no ip http secure-server
ip route 0.0.0.0 0.0.0.0 192.168.12.1
!
!
!
!
control-plane
!
!         
!
!
!
!
!
!
line con 0
 logging synchronous
line aux 0
line vty 0 4
 no login
 transport input telnet
!
!
end

