R3#show running-config 
Building configuration...

Current configuration : 1133 bytes
!
version 15.4
service timestamps debug datetime msec
service timestamps log datetime msec
no service password-encryption
!
hostname R3
!
boot-start-marker
boot-end-marker
!
aqm-register-fnf
!
!
no aaa new-model
clock timezone EET 2 0
mmi polling-interval 60
no mmi auto-configure
no mmi pvc
mmi snmp-timeout 180
!
!         
!
!
!
!
!
!


!
ip dhcp excluded-address 10.10.34.3
ip dhcp excluded-address 10.10.35.3
!
ip dhcp pool net34
 network 10.10.34.0 255.255.255.0
 default-router 10.10.34.3 
!
ip dhcp pool net35
 network 10.10.35.0 255.255.255.0
 default-router 10.10.35.3 
!
!
!
ip cef    
no ipv6 cef
!
multilink bundle-name authenticated
!
!
!
!
!
!
!
!
!
redundancy
!
!
! 
!
!
!
!
!
!
!         
!
!
!
!
!
interface Ethernet0/0
 ip address 10.10.13.3 255.255.255.0
!
interface Ethernet0/1
 ip address 10.10.34.3 255.255.255.0
!
interface Ethernet0/2
 ip address 10.10.35.3 255.255.255.0
!
interface Ethernet0/3
 no ip address
 shutdown
!
ip forward-protocol nd
!
!
no ip http server
no ip http secure-server
!
!
!
!
control-plane
!
!
!
!
!
!
!
!
line con 0
 logging synchronous
line aux 0
line vty 0 4
 no login
 transport input telnet
!
!
end
          
