R5#show running-config
Building configuration...

Current configuration : 1630 bytes
!
version 15.4
service timestamps debug datetime msec
service timestamps log datetime msec
no service password-encryption
!
hostname R5
!
boot-start-marker
boot-end-marker
!
aqm-register-fnf
!
!
no aaa new-model
clock timezone EET 2 0
mmi polling-interval 60
no mmi auto-configure
no mmi pvc
mmi snmp-timeout 180
!
!         
!
!
!
!
!
!


!
!
!
!
ip cef
no ipv6 cef
!
multilink bundle-name authenticated
!
!
!
!
!
!
!         
!
!
redundancy
!
!
! 
crypto keyring ckey  
  pre-shared-key address 0.0.0.0 0.0.0.0 key 123456
!
!
!
!
crypto isakmp policy 10
 encr 3des
 authentication pre-share
 group 2
crypto isakmp profile cpro
   keyring ckey
   match identity address 0.0.0.0 
!
!
crypto ipsec transform-set ts esp-3des esp-sha-hmac 
 mode tunnel
!
!
crypto ipsec profile ipsec_pro
 set transform-set ts 
!
!
!
!
!
!
interface Tunnel5
 ip address 1.1.1.5 255.255.255.0
 no ip redirects
 ip nhrp authentication 123456
 ip nhrp map multicast 10.10.13.1
 ip nhrp map 1.1.1.1 10.10.13.1
 ip nhrp network-id 1
 ip nhrp nhs 1.1.1.1
 ip nhrp shortcut
 tunnel source Ethernet0/0
 tunnel mode gre multipoint
 tunnel protection ipsec profile ipsec_pro
!         
interface Ethernet0/0
 ip address dhcp
!
interface Ethernet0/1
 ip address 192.168.15.5 255.255.255.0
!
interface Ethernet0/2
 no ip address
 shutdown
!
interface Ethernet0/3
 no ip address
 shutdown
!
!
router eigrp 1
 network 1.1.1.0 0.0.0.255
 network 192.168.15.0
!
ip forward-protocol nd
!
!
no ip http server
no ip http secure-server
!
!
!
!
control-plane
!
!
!
!
!
!
!
!
line con 0
 logging synchronous
line aux 0
line vty 0 4
 no login
 transport input telnet
!
!
end       

